<?xml version="1.0" encoding="UTF-8"?>
<testsuite name="com.jojoldu.book.springboot.web.HelloControllerTest" tests="2" skipped="0" failures="0" errors="0" timestamp="2022-03-30T08:54:20" hostname="LAPTOP-2SQVJ0UG" time="0.639">
  <properties/>
  <testcase name="hello가_리턴된다" classname="com.jojoldu.book.springboot.web.HelloControllerTest" time="0.278"/>
  <testcase name="helloDto가_리턴된다" classname="com.jojoldu.book.springboot.web.HelloControllerTest" time="0.36"/>
  <system-out><![CDATA[2022-03-30 17:54:16.865  INFO 17676 --- [    Test worker] .b.t.a.w.s.WebMvcTestContextBootstrapper : Neither @ContextConfiguration nor @ContextHierarchy found for test class [com.jojoldu.book.springboot.web.HelloControllerTest], using SpringBootContextLoader
2022-03-30 17:54:16.869  INFO 17676 --- [    Test worker] o.s.t.c.support.AbstractContextLoader    : Could not detect default resource locations for test class [com.jojoldu.book.springboot.web.HelloControllerTest]: no resource found for suffixes {-context.xml, Context.groovy}.
2022-03-30 17:54:16.870  INFO 17676 --- [    Test worker] t.c.s.AnnotationConfigContextLoaderUtils : Could not detect default configuration classes for test class [com.jojoldu.book.springboot.web.HelloControllerTest]: HelloControllerTest does not declare any static, non-private, non-final, nested classes annotated with @Configuration.
2022-03-30 17:54:16.968  INFO 17676 --- [    Test worker] .b.t.c.SpringBootTestContextBootstrapper : Found @SpringBootConfiguration com.jojoldu.book.springboot.Application for test class com.jojoldu.book.springboot.web.HelloControllerTest
2022-03-30 17:54:16.974  INFO 17676 --- [    Test worker] .b.t.a.w.s.WebMvcTestContextBootstrapper : Loaded default TestExecutionListener class names from location [META-INF/spring.factories]: [org.springframework.security.test.context.support.WithSecurityContextTestExecutionListener, org.springframework.security.test.context.support.ReactorContextTestExecutionListener, org.springframework.boot.test.autoconfigure.restdocs.RestDocsTestExecutionListener, org.springframework.boot.test.autoconfigure.web.client.MockRestServiceServerResetTestExecutionListener, org.springframework.boot.test.autoconfigure.web.servlet.MockMvcPrintOnlyOnFailureTestExecutionListener, org.springframework.boot.test.autoconfigure.web.servlet.WebDriverTestExecutionListener, org.springframework.boot.test.mock.mockito.MockitoTestExecutionListener, org.springframework.boot.test.mock.mockito.ResetMocksTestExecutionListener, org.springframework.test.context.web.ServletTestExecutionListener, org.springframework.test.context.support.DirtiesContextBeforeModesTestExecutionListener, org.springframework.test.context.support.DependencyInjectionTestExecutionListener, org.springframework.test.context.support.DirtiesContextTestExecutionListener, org.springframework.test.context.transaction.TransactionalTestExecutionListener, org.springframework.test.context.jdbc.SqlScriptsTestExecutionListener]
2022-03-30 17:54:16.980  INFO 17676 --- [    Test worker] .b.t.a.w.s.WebMvcTestContextBootstrapper : Using TestExecutionListeners: [org.springframework.test.context.web.ServletTestExecutionListener@2239c65a, org.springframework.test.context.support.DirtiesContextBeforeModesTestExecutionListener@23796133, org.springframework.boot.test.mock.mockito.MockitoTestExecutionListener@7856472f, org.springframework.boot.test.autoconfigure.SpringBootDependencyInjectionTestExecutionListener@336db1bd, org.springframework.test.context.support.DirtiesContextTestExecutionListener@5f8aaa9c, org.springframework.test.context.transaction.TransactionalTestExecutionListener@379238a7, org.springframework.test.context.jdbc.SqlScriptsTestExecutionListener@7d377e45, org.springframework.security.test.context.support.WithSecurityContextTestExecutionListener@2389c807, org.springframework.security.test.context.support.ReactorContextTestExecutionListener@29dd58a0, org.springframework.boot.test.autoconfigure.restdocs.RestDocsTestExecutionListener@fac1a3c, org.springframework.boot.test.autoconfigure.web.client.MockRestServiceServerResetTestExecutionListener@49af98da, org.springframework.boot.test.autoconfigure.web.servlet.MockMvcPrintOnlyOnFailureTestExecutionListener@240ba818, org.springframework.boot.test.autoconfigure.web.servlet.WebDriverTestExecutionListener@6750ec61, org.springframework.boot.test.mock.mockito.ResetMocksTestExecutionListener@8c2674d]

  .   ____          _            __ _ _
 /\\ / ___'_ __ _ _(_)_ __  __ _ \ \ \ \
( ( )\___ | '_ | '_| | '_ \/ _` | \ \ \ \
 \\/  ___)| |_)| | | | | || (_| |  ) ) ) )
  '  |____| .__|_| |_|_| |_\__, | / / / /
 =========|_|==============|___/=/_/_/_/
 :: Spring Boot ::        (v2.1.7.RELEASE)

2022-03-30 17:54:17.104  INFO 17676 --- [    Test worker] c.j.b.s.web.HelloControllerTest          : Starting HelloControllerTest on LAPTOP-2SQVJ0UG with PID 17676 (started by seob in C:\Users\seob\IdeaProjects\freelec-springboot2-webservice)
2022-03-30 17:54:17.131  INFO 17676 --- [    Test worker] c.j.b.s.web.HelloControllerTest          : No active profile set, falling back to default profiles: default
2022-03-30 17:54:18.726  INFO 17676 --- [    Test worker] o.s.s.concurrent.ThreadPoolTaskExecutor  : Initializing ExecutorService 'applicationTaskExecutor'
2022-03-30 17:54:18.854  INFO 17676 --- [    Test worker] o.s.b.a.w.s.WelcomePageHandlerMapping    : Adding welcome page template: index
2022-03-30 17:54:19.651  INFO 17676 --- [    Test worker] .s.s.UserDetailsServiceAutoConfiguration : 

Using generated security password: bfb13663-3150-42a6-8409-d0f9f5047fa9

2022-03-30 17:54:20.192  INFO 17676 --- [    Test worker] o.s.s.web.DefaultSecurityFilterChain     : Creating filter chain: any request, [org.springframework.security.web.context.request.async.WebAsyncManagerIntegrationFilter@3fe0c6f4, org.springframework.security.web.context.SecurityContextPersistenceFilter@63243d51, org.springframework.security.web.header.HeaderWriterFilter@6e930453, org.springframework.security.web.csrf.CsrfFilter@ccaa1db, org.springframework.security.web.authentication.logout.LogoutFilter@7eca8e04, org.springframework.security.web.authentication.UsernamePasswordAuthenticationFilter@2a25b0a7, org.springframework.security.web.authentication.ui.DefaultLoginPageGeneratingFilter@73e715e6, org.springframework.security.web.authentication.ui.DefaultLogoutPageGeneratingFilter@4e502b5f, org.springframework.security.web.authentication.www.BasicAuthenticationFilter@39f330, org.springframework.security.web.savedrequest.RequestCacheAwareFilter@474da56e, org.springframework.security.web.servletapi.SecurityContextHolderAwareRequestFilter@310a9048, org.springframework.security.web.authentication.AnonymousAuthenticationFilter@13ff1d6, org.springframework.security.web.session.SessionManagementFilter@378eb423, org.springframework.security.web.access.ExceptionTranslationFilter@2e815992, org.springframework.security.web.access.intercept.FilterSecurityInterceptor@50f61fab]
2022-03-30 17:54:20.339  INFO 17676 --- [    Test worker] o.s.b.t.m.w.SpringBootMockServletContext : Initializing Spring TestDispatcherServlet ''
2022-03-30 17:54:20.340  INFO 17676 --- [    Test worker] o.s.t.web.servlet.TestDispatcherServlet  : Initializing Servlet ''
2022-03-30 17:54:20.395  INFO 17676 --- [    Test worker] o.s.t.web.servlet.TestDispatcherServlet  : Completed initialization in 54 ms
2022-03-30 17:54:20.515  INFO 17676 --- [    Test worker] c.j.b.s.web.HelloControllerTest          : Started HelloControllerTest in 3.523 seconds (JVM running for 13.406)
]]></system-out>
  <system-err><![CDATA[]]></system-err>
</testsuite>
